State 0:
          start ::= * DIGRAPH automaton_body CLOSEBODY

                       DIGRAPH shift  7
                         start accept

State 1:
          transition_stmt ::= TRANSITIONSTATES transition_merged_list main_transition * transition_merged_list
      (7) transition_stmt ::= TRANSITIONSTATES transition_merged_list main_transition *
          transition_stmt ::= TRANSITIONSTATES transition_merged_list main_transition * transition_merged_list transition_params
          transition_stmt ::= TRANSITIONSTATES transition_merged_list main_transition * transition_params
          transition_merged_list ::= * merged_transition
          transition_merged_list ::= * merged_transition transition_merged_list
          transition_params ::= * transition_params_type
          transition_params ::= * transition_params_type COMMA STYLE EQUALS DOTTED
          transition_params_type ::= * COLOR EQUALS VIOLET
          transition_params_type ::= * COLOR EQUALS BLUE
          transition_params_type ::= * COLOR EQUALS RED
          merged_transition ::= * transition_desc
          transition_desc ::= * OPEN LEAF CLOSE

                         COLOR shift  18
                          OPEN shift  13
        transition_merged_list shift  5
             transition_params shift  37
             merged_transition shift  4
        transition_params_type shift  16
               transition_desc shift  35
                     {default} reduce 7

State 2:
          transition_stmt ::= TRANSITIONSTATES main_transition * transition_merged_list
      (9) transition_stmt ::= TRANSITIONSTATES main_transition *
          transition_stmt ::= TRANSITIONSTATES main_transition * transition_merged_list transition_params
          transition_stmt ::= TRANSITIONSTATES main_transition * transition_params
          transition_merged_list ::= * merged_transition
          transition_merged_list ::= * merged_transition transition_merged_list
          transition_params ::= * transition_params_type
          transition_params ::= * transition_params_type COMMA STYLE EQUALS DOTTED
          transition_params_type ::= * COLOR EQUALS VIOLET
          transition_params_type ::= * COLOR EQUALS BLUE
          transition_params_type ::= * COLOR EQUALS RED
          merged_transition ::= * transition_desc
          transition_desc ::= * OPEN LEAF CLOSE

                         COLOR shift  18
                          OPEN shift  13
        transition_merged_list shift  8
             transition_params shift  24
             merged_transition shift  4
        transition_params_type shift  16
               transition_desc shift  35
                     {default} reduce 9

State 3:
          transition_stmt ::= TRANSITIONSTATES * transition_merged_list main_transition transition_merged_list
          transition_stmt ::= TRANSITIONSTATES * transition_merged_list main_transition
          transition_stmt ::= TRANSITIONSTATES * main_transition transition_merged_list
          transition_stmt ::= TRANSITIONSTATES * main_transition
          transition_stmt ::= TRANSITIONSTATES * transition_merged_list main_transition transition_merged_list transition_params
          transition_stmt ::= TRANSITIONSTATES * transition_merged_list main_transition transition_params
          transition_stmt ::= TRANSITIONSTATES * main_transition transition_merged_list transition_params
          transition_stmt ::= TRANSITIONSTATES * main_transition transition_params
          transition_merged_list ::= * merged_transition
          transition_merged_list ::= * merged_transition transition_merged_list
          merged_transition ::= * transition_desc
          main_transition ::= * MAINSTART transition_desc MAINEND
          transition_desc ::= * OPEN LEAF CLOSE

                     MAINSTART shift  11
                          OPEN shift  13
        transition_merged_list shift  10
               main_transition shift  2
             merged_transition shift  4
               transition_desc shift  35

State 4:
          transition_merged_list ::= * merged_transition
     (14) transition_merged_list ::= merged_transition *
          transition_merged_list ::= * merged_transition transition_merged_list
          transition_merged_list ::= merged_transition * transition_merged_list
          merged_transition ::= * transition_desc
          transition_desc ::= * OPEN LEAF CLOSE

                          OPEN shift  13
        transition_merged_list shift  29
             merged_transition shift  4
               transition_desc shift  35
                     {default} reduce 14

State 5:
      (6) transition_stmt ::= TRANSITIONSTATES transition_merged_list main_transition transition_merged_list *
          transition_stmt ::= TRANSITIONSTATES transition_merged_list main_transition transition_merged_list * transition_params
          transition_params ::= * transition_params_type
          transition_params ::= * transition_params_type COMMA STYLE EQUALS DOTTED
          transition_params_type ::= * COLOR EQUALS VIOLET
          transition_params_type ::= * COLOR EQUALS BLUE
          transition_params_type ::= * COLOR EQUALS RED

                         COLOR shift  18
             transition_params shift  31
        transition_params_type shift  16
                     {default} reduce 6

State 6:
          transitions_list ::= * transition_stmt
      (4) transitions_list ::= transition_stmt *
          transitions_list ::= * transition_stmt transitions_list
          transitions_list ::= transition_stmt * transitions_list
          transition_stmt ::= * TRANSITIONSTATES transition_merged_list main_transition transition_merged_list
          transition_stmt ::= * TRANSITIONSTATES transition_merged_list main_transition
          transition_stmt ::= * TRANSITIONSTATES main_transition transition_merged_list
          transition_stmt ::= * TRANSITIONSTATES main_transition
          transition_stmt ::= * TRANSITIONSTATES transition_merged_list main_transition transition_merged_list transition_params
          transition_stmt ::= * TRANSITIONSTATES transition_merged_list main_transition transition_params
          transition_stmt ::= * TRANSITIONSTATES main_transition transition_merged_list transition_params
          transition_stmt ::= * TRANSITIONSTATES main_transition transition_params

              TRANSITIONSTATES shift  3
              transitions_list shift  36
               transition_stmt shift  6
                     {default} reduce 4

State 7:
          start ::= DIGRAPH * automaton_body CLOSEBODY
          automaton_body ::= * start_end_states_description
          automaton_body ::= * start_end_states_description transitions_list
          start_end_states_description ::= * START END

                         START shift  17
                automaton_body shift  15
  start_end_states_description shift  9

State 8:
      (8) transition_stmt ::= TRANSITIONSTATES main_transition transition_merged_list *
          transition_stmt ::= TRANSITIONSTATES main_transition transition_merged_list * transition_params
          transition_params ::= * transition_params_type
          transition_params ::= * transition_params_type COMMA STYLE EQUALS DOTTED
          transition_params_type ::= * COLOR EQUALS VIOLET
          transition_params_type ::= * COLOR EQUALS BLUE
          transition_params_type ::= * COLOR EQUALS RED

                         COLOR shift  18
             transition_params shift  27
        transition_params_type shift  16
                     {default} reduce 8

State 9:
      (1) automaton_body ::= start_end_states_description *
          automaton_body ::= start_end_states_description * transitions_list
          transitions_list ::= * transition_stmt
          transitions_list ::= * transition_stmt transitions_list
          transition_stmt ::= * TRANSITIONSTATES transition_merged_list main_transition transition_merged_list
          transition_stmt ::= * TRANSITIONSTATES transition_merged_list main_transition
          transition_stmt ::= * TRANSITIONSTATES main_transition transition_merged_list
          transition_stmt ::= * TRANSITIONSTATES main_transition
          transition_stmt ::= * TRANSITIONSTATES transition_merged_list main_transition transition_merged_list transition_params
          transition_stmt ::= * TRANSITIONSTATES transition_merged_list main_transition transition_params
          transition_stmt ::= * TRANSITIONSTATES main_transition transition_merged_list transition_params
          transition_stmt ::= * TRANSITIONSTATES main_transition transition_params

              TRANSITIONSTATES shift  3
              transitions_list shift  26
               transition_stmt shift  6
                     {default} reduce 1

State 10:
          transition_stmt ::= TRANSITIONSTATES transition_merged_list * main_transition transition_merged_list
          transition_stmt ::= TRANSITIONSTATES transition_merged_list * main_transition
          transition_stmt ::= TRANSITIONSTATES transition_merged_list * main_transition transition_merged_list transition_params
          transition_stmt ::= TRANSITIONSTATES transition_merged_list * main_transition transition_params
          main_transition ::= * MAINSTART transition_desc MAINEND

                     MAINSTART shift  11
               main_transition shift  1

State 11:
          main_transition ::= MAINSTART * transition_desc MAINEND
          transition_desc ::= * OPEN LEAF CLOSE

                          OPEN shift  13
               transition_desc shift  14

State 12:
          transition_params_type ::= COLOR EQUALS * VIOLET
          transition_params_type ::= COLOR EQUALS * BLUE
          transition_params_type ::= COLOR EQUALS * RED

                        VIOLET shift  30
                          BLUE shift  33
                           RED shift  34

State 13:
          transition_desc ::= OPEN * LEAF CLOSE

                          LEAF shift  22

State 14:
          main_transition ::= MAINSTART transition_desc * MAINEND

                       MAINEND shift  23

State 15:
          start ::= DIGRAPH automaton_body * CLOSEBODY

                     CLOSEBODY shift  28

State 16:
     (16) transition_params ::= transition_params_type *
          transition_params ::= transition_params_type * COMMA STYLE EQUALS DOTTED

                         COMMA shift  19
                     {default} reduce 16

State 17:
          start_end_states_description ::= START * END

                           END shift  25

State 18:
          transition_params_type ::= COLOR * EQUALS VIOLET
          transition_params_type ::= COLOR * EQUALS BLUE
          transition_params_type ::= COLOR * EQUALS RED

                        EQUALS shift  12

State 19:
          transition_params ::= transition_params_type COMMA * STYLE EQUALS DOTTED

                         STYLE shift  20

State 20:
          transition_params ::= transition_params_type COMMA STYLE * EQUALS DOTTED

                        EQUALS shift  21

State 21:
          transition_params ::= transition_params_type COMMA STYLE EQUALS * DOTTED

                        DOTTED shift  32

State 22:
          transition_desc ::= OPEN LEAF * CLOSE

                         CLOSE shift  38

State 23:
     (22) main_transition ::= MAINSTART transition_desc MAINEND *

                     {default} reduce 22

State 24:
     (13) transition_stmt ::= TRANSITIONSTATES main_transition transition_params *

                     {default} reduce 13

State 25:
      (3) start_end_states_description ::= START END *

                     {default} reduce 3

State 26:
      (2) automaton_body ::= start_end_states_description transitions_list *

                     {default} reduce 2

State 27:
     (12) transition_stmt ::= TRANSITIONSTATES main_transition transition_merged_list transition_params *

                     {default} reduce 12

State 28:
      (0) start ::= DIGRAPH automaton_body CLOSEBODY *

                     {default} reduce 0

State 29:
     (15) transition_merged_list ::= merged_transition transition_merged_list *

                     {default} reduce 15

State 30:
     (18) transition_params_type ::= COLOR EQUALS VIOLET *

                     {default} reduce 18

State 31:
     (10) transition_stmt ::= TRANSITIONSTATES transition_merged_list main_transition transition_merged_list transition_params *

                     {default} reduce 10

State 32:
     (17) transition_params ::= transition_params_type COMMA STYLE EQUALS DOTTED *

                     {default} reduce 17

State 33:
     (19) transition_params_type ::= COLOR EQUALS BLUE *

                     {default} reduce 19

State 34:
     (20) transition_params_type ::= COLOR EQUALS RED *

                     {default} reduce 20

State 35:
     (21) merged_transition ::= transition_desc *

                     {default} reduce 21

State 36:
      (5) transitions_list ::= transition_stmt transitions_list *

                     {default} reduce 5

State 37:
     (11) transition_stmt ::= TRANSITIONSTATES transition_merged_list main_transition transition_params *

                     {default} reduce 11

State 38:
     (23) transition_desc ::= OPEN LEAF CLOSE *

                     {default} reduce 23

