State 0:
          start ::= * expr
          expr ::= * expr CONC expr
          expr ::= * expr ALT expr
          expr ::= * expr ALT
          expr ::= * expr QUEST
          expr ::= * expr ITER
          expr ::= * expr PLUS
          expr ::= * expr LAZY_QUEST
          expr ::= * expr LAZY_ITER
          expr ::= * expr LAZY_PLUS
          expr ::= * expr QUANT
          expr ::= * expr LAZY_QUANT
          expr ::= * OPENBRACK expr CLOSEBRACK
          expr ::= * GROUPING expr CLOSEBRACK
          expr ::= * ASSERT_TF expr CLOSEBRACK
          expr ::= * ASSERT_TB expr CLOSEBRACK
          expr ::= * ASSERT_FF expr CLOSEBRACK
          expr ::= * ASSERT_FB expr CLOSEBRACK
          expr ::= * CONDSUBPATT ASSERT_TF expr CLOSEBRACK expr ALT expr CLOSEBRACK
          expr ::= * CONDSUBPATT ASSERT_TB expr CLOSEBRACK expr ALT expr CLOSEBRACK
          expr ::= * CONDSUBPATT ASSERT_FF expr CLOSEBRACK expr ALT expr CLOSEBRACK
          expr ::= * CONDSUBPATT ASSERT_FB expr CLOSEBRACK expr ALT expr CLOSEBRACK
          expr ::= * PARSLEAF

                     OPENBRACK shift  19
                      GROUPING shift  13
                     ASSERT_TF shift  4
                     ASSERT_TB shift  14
                     ASSERT_FF shift  1
                     ASSERT_FB shift  2
                   CONDSUBPATT shift  42
                      PARSLEAF shift  61
                         start accept
                          expr shift  37

State 1:
          expr ::= * expr CONC expr
          expr ::= * expr ALT expr
          expr ::= * expr ALT
          expr ::= * expr QUEST
          expr ::= * expr ITER
          expr ::= * expr PLUS
          expr ::= * expr LAZY_QUEST
          expr ::= * expr LAZY_ITER
          expr ::= * expr LAZY_PLUS
          expr ::= * expr QUANT
          expr ::= * expr LAZY_QUANT
          expr ::= * OPENBRACK expr CLOSEBRACK
          expr ::= * GROUPING expr CLOSEBRACK
          expr ::= * ASSERT_TF expr CLOSEBRACK
          expr ::= * ASSERT_TB expr CLOSEBRACK
          expr ::= * ASSERT_FF expr CLOSEBRACK
          expr ::= ASSERT_FF * expr CLOSEBRACK
          expr ::= * ASSERT_FB expr CLOSEBRACK
          expr ::= * CONDSUBPATT ASSERT_TF expr CLOSEBRACK expr ALT expr CLOSEBRACK
          expr ::= * CONDSUBPATT ASSERT_TB expr CLOSEBRACK expr ALT expr CLOSEBRACK
          expr ::= * CONDSUBPATT ASSERT_FF expr CLOSEBRACK expr ALT expr CLOSEBRACK
          expr ::= * CONDSUBPATT ASSERT_FB expr CLOSEBRACK expr ALT expr CLOSEBRACK
          expr ::= * PARSLEAF

                     OPENBRACK shift  19
                      GROUPING shift  13
                     ASSERT_TF shift  4
                     ASSERT_TB shift  14
                     ASSERT_FF shift  1
                     ASSERT_FB shift  2
                   CONDSUBPATT shift  42
                      PARSLEAF shift  61
                          expr shift  21

State 2:
          expr ::= * expr CONC expr
          expr ::= * expr ALT expr
          expr ::= * expr ALT
          expr ::= * expr QUEST
          expr ::= * expr ITER
          expr ::= * expr PLUS
          expr ::= * expr LAZY_QUEST
          expr ::= * expr LAZY_ITER
          expr ::= * expr LAZY_PLUS
          expr ::= * expr QUANT
          expr ::= * expr LAZY_QUANT
          expr ::= * OPENBRACK expr CLOSEBRACK
          expr ::= * GROUPING expr CLOSEBRACK
          expr ::= * ASSERT_TF expr CLOSEBRACK
          expr ::= * ASSERT_TB expr CLOSEBRACK
          expr ::= * ASSERT_FF expr CLOSEBRACK
          expr ::= * ASSERT_FB expr CLOSEBRACK
          expr ::= ASSERT_FB * expr CLOSEBRACK
          expr ::= * CONDSUBPATT ASSERT_TF expr CLOSEBRACK expr ALT expr CLOSEBRACK
          expr ::= * CONDSUBPATT ASSERT_TB expr CLOSEBRACK expr ALT expr CLOSEBRACK
          expr ::= * CONDSUBPATT ASSERT_FF expr CLOSEBRACK expr ALT expr CLOSEBRACK
          expr ::= * CONDSUBPATT ASSERT_FB expr CLOSEBRACK expr ALT expr CLOSEBRACK
          expr ::= * PARSLEAF

                     OPENBRACK shift  19
                      GROUPING shift  13
                     ASSERT_TF shift  4
                     ASSERT_TB shift  14
                     ASSERT_FF shift  1
                     ASSERT_FB shift  2
                   CONDSUBPATT shift  42
                      PARSLEAF shift  61
                          expr shift  26

State 3:
          expr ::= * expr CONC expr
          expr ::= * expr ALT expr
          expr ::= * expr ALT
          expr ::= * expr QUEST
          expr ::= * expr ITER
          expr ::= * expr PLUS
          expr ::= * expr LAZY_QUEST
          expr ::= * expr LAZY_ITER
          expr ::= * expr LAZY_PLUS
          expr ::= * expr QUANT
          expr ::= * expr LAZY_QUANT
          expr ::= * OPENBRACK expr CLOSEBRACK
          expr ::= * GROUPING expr CLOSEBRACK
          expr ::= * ASSERT_TF expr CLOSEBRACK
          expr ::= * ASSERT_TB expr CLOSEBRACK
          expr ::= * ASSERT_FF expr CLOSEBRACK
          expr ::= * ASSERT_FB expr CLOSEBRACK
          expr ::= * CONDSUBPATT ASSERT_TF expr CLOSEBRACK expr ALT expr CLOSEBRACK
          expr ::= * CONDSUBPATT ASSERT_TB expr CLOSEBRACK expr ALT expr CLOSEBRACK
          expr ::= * CONDSUBPATT ASSERT_FF expr CLOSEBRACK expr ALT expr CLOSEBRACK
          expr ::= CONDSUBPATT ASSERT_FF expr CLOSEBRACK * expr ALT expr CLOSEBRACK
          expr ::= * CONDSUBPATT ASSERT_FB expr CLOSEBRACK expr ALT expr CLOSEBRACK
          expr ::= * PARSLEAF

                     OPENBRACK shift  19
                      GROUPING shift  13
                     ASSERT_TF shift  4
                     ASSERT_TB shift  14
                     ASSERT_FF shift  1
                     ASSERT_FB shift  2
                   CONDSUBPATT shift  42
                      PARSLEAF shift  61
                          expr shift  39

State 4:
          expr ::= * expr CONC expr
          expr ::= * expr ALT expr
          expr ::= * expr ALT
          expr ::= * expr QUEST
          expr ::= * expr ITER
          expr ::= * expr PLUS
          expr ::= * expr LAZY_QUEST
          expr ::= * expr LAZY_ITER
          expr ::= * expr LAZY_PLUS
          expr ::= * expr QUANT
          expr ::= * expr LAZY_QUANT
          expr ::= * OPENBRACK expr CLOSEBRACK
          expr ::= * GROUPING expr CLOSEBRACK
          expr ::= * ASSERT_TF expr CLOSEBRACK
          expr ::= ASSERT_TF * expr CLOSEBRACK
          expr ::= * ASSERT_TB expr CLOSEBRACK
          expr ::= * ASSERT_FF expr CLOSEBRACK
          expr ::= * ASSERT_FB expr CLOSEBRACK
          expr ::= * CONDSUBPATT ASSERT_TF expr CLOSEBRACK expr ALT expr CLOSEBRACK
          expr ::= * CONDSUBPATT ASSERT_TB expr CLOSEBRACK expr ALT expr CLOSEBRACK
          expr ::= * CONDSUBPATT ASSERT_FF expr CLOSEBRACK expr ALT expr CLOSEBRACK
          expr ::= * CONDSUBPATT ASSERT_FB expr CLOSEBRACK expr ALT expr CLOSEBRACK
          expr ::= * PARSLEAF

                     OPENBRACK shift  19
                      GROUPING shift  13
                     ASSERT_TF shift  4
                     ASSERT_TB shift  14
                     ASSERT_FF shift  1
                     ASSERT_FB shift  2
                   CONDSUBPATT shift  42
                      PARSLEAF shift  61
                          expr shift  29

State 5:
          expr ::= * expr CONC expr
          expr ::= * expr ALT expr
          expr ::= expr ALT * expr
          expr ::= * expr ALT
      (3) expr ::= expr ALT *
          expr ::= * expr QUEST
          expr ::= * expr ITER
          expr ::= * expr PLUS
          expr ::= * expr LAZY_QUEST
          expr ::= * expr LAZY_ITER
          expr ::= * expr LAZY_PLUS
          expr ::= * expr QUANT
          expr ::= * expr LAZY_QUANT
          expr ::= * OPENBRACK expr CLOSEBRACK
          expr ::= * GROUPING expr CLOSEBRACK
          expr ::= * ASSERT_TF expr CLOSEBRACK
          expr ::= * ASSERT_TB expr CLOSEBRACK
          expr ::= * ASSERT_FF expr CLOSEBRACK
          expr ::= * ASSERT_FB expr CLOSEBRACK
          expr ::= * CONDSUBPATT ASSERT_TF expr CLOSEBRACK expr ALT expr CLOSEBRACK
          expr ::= * CONDSUBPATT ASSERT_TB expr CLOSEBRACK expr ALT expr CLOSEBRACK
          expr ::= * CONDSUBPATT ASSERT_FF expr CLOSEBRACK expr ALT expr CLOSEBRACK
          expr ::= CONDSUBPATT ASSERT_FF expr CLOSEBRACK expr ALT * expr CLOSEBRACK
          expr ::= * CONDSUBPATT ASSERT_FB expr CLOSEBRACK expr ALT expr CLOSEBRACK
          expr ::= * PARSLEAF

                     OPENBRACK shift  19
                      GROUPING shift  13
                     ASSERT_TF shift  4
                     ASSERT_TB shift  14
                     ASSERT_FF shift  1
                     ASSERT_FB shift  2
                   CONDSUBPATT shift  42
                      PARSLEAF shift  61
                          expr shift  33
                     {default} reduce 3

State 6:
          expr ::= * expr CONC expr
          expr ::= * expr ALT expr
          expr ::= * expr ALT
          expr ::= * expr QUEST
          expr ::= * expr ITER
          expr ::= * expr PLUS
          expr ::= * expr LAZY_QUEST
          expr ::= * expr LAZY_ITER
          expr ::= * expr LAZY_PLUS
          expr ::= * expr QUANT
          expr ::= * expr LAZY_QUANT
          expr ::= * OPENBRACK expr CLOSEBRACK
          expr ::= * GROUPING expr CLOSEBRACK
          expr ::= * ASSERT_TF expr CLOSEBRACK
          expr ::= * ASSERT_TB expr CLOSEBRACK
          expr ::= * ASSERT_FF expr CLOSEBRACK
          expr ::= * ASSERT_FB expr CLOSEBRACK
          expr ::= * CONDSUBPATT ASSERT_TF expr CLOSEBRACK expr ALT expr CLOSEBRACK
          expr ::= CONDSUBPATT ASSERT_TF * expr CLOSEBRACK expr ALT expr CLOSEBRACK
          expr ::= * CONDSUBPATT ASSERT_TB expr CLOSEBRACK expr ALT expr CLOSEBRACK
          expr ::= * CONDSUBPATT ASSERT_FF expr CLOSEBRACK expr ALT expr CLOSEBRACK
          expr ::= * CONDSUBPATT ASSERT_FB expr CLOSEBRACK expr ALT expr CLOSEBRACK
          expr ::= * PARSLEAF

                     OPENBRACK shift  19
                      GROUPING shift  13
                     ASSERT_TF shift  4
                     ASSERT_TB shift  14
                     ASSERT_FF shift  1
                     ASSERT_FB shift  2
                   CONDSUBPATT shift  42
                      PARSLEAF shift  61
                          expr shift  25

State 7:
          expr ::= * expr CONC expr
          expr ::= * expr ALT expr
          expr ::= * expr ALT
          expr ::= * expr QUEST
          expr ::= * expr ITER
          expr ::= * expr PLUS
          expr ::= * expr LAZY_QUEST
          expr ::= * expr LAZY_ITER
          expr ::= * expr LAZY_PLUS
          expr ::= * expr QUANT
          expr ::= * expr LAZY_QUANT
          expr ::= * OPENBRACK expr CLOSEBRACK
          expr ::= * GROUPING expr CLOSEBRACK
          expr ::= * ASSERT_TF expr CLOSEBRACK
          expr ::= * ASSERT_TB expr CLOSEBRACK
          expr ::= * ASSERT_FF expr CLOSEBRACK
          expr ::= * ASSERT_FB expr CLOSEBRACK
          expr ::= * CONDSUBPATT ASSERT_TF expr CLOSEBRACK expr ALT expr CLOSEBRACK
          expr ::= CONDSUBPATT ASSERT_TF expr CLOSEBRACK * expr ALT expr CLOSEBRACK
          expr ::= * CONDSUBPATT ASSERT_TB expr CLOSEBRACK expr ALT expr CLOSEBRACK
          expr ::= * CONDSUBPATT ASSERT_FF expr CLOSEBRACK expr ALT expr CLOSEBRACK
          expr ::= * CONDSUBPATT ASSERT_FB expr CLOSEBRACK expr ALT expr CLOSEBRACK
          expr ::= * PARSLEAF

                     OPENBRACK shift  19
                      GROUPING shift  13
                     ASSERT_TF shift  4
                     ASSERT_TB shift  14
                     ASSERT_FF shift  1
                     ASSERT_FB shift  2
                   CONDSUBPATT shift  42
                      PARSLEAF shift  61
                          expr shift  35

State 8:
          expr ::= * expr CONC expr
          expr ::= * expr ALT expr
          expr ::= * expr ALT
          expr ::= * expr QUEST
          expr ::= * expr ITER
          expr ::= * expr PLUS
          expr ::= * expr LAZY_QUEST
          expr ::= * expr LAZY_ITER
          expr ::= * expr LAZY_PLUS
          expr ::= * expr QUANT
          expr ::= * expr LAZY_QUANT
          expr ::= * OPENBRACK expr CLOSEBRACK
          expr ::= * GROUPING expr CLOSEBRACK
          expr ::= * ASSERT_TF expr CLOSEBRACK
          expr ::= * ASSERT_TB expr CLOSEBRACK
          expr ::= * ASSERT_FF expr CLOSEBRACK
          expr ::= * ASSERT_FB expr CLOSEBRACK
          expr ::= * CONDSUBPATT ASSERT_TF expr CLOSEBRACK expr ALT expr CLOSEBRACK
          expr ::= * CONDSUBPATT ASSERT_TB expr CLOSEBRACK expr ALT expr CLOSEBRACK
          expr ::= CONDSUBPATT ASSERT_TB expr CLOSEBRACK * expr ALT expr CLOSEBRACK
          expr ::= * CONDSUBPATT ASSERT_FF expr CLOSEBRACK expr ALT expr CLOSEBRACK
          expr ::= * CONDSUBPATT ASSERT_FB expr CLOSEBRACK expr ALT expr CLOSEBRACK
          expr ::= * PARSLEAF

                     OPENBRACK shift  19
                      GROUPING shift  13
                     ASSERT_TF shift  4
                     ASSERT_TB shift  14
                     ASSERT_FF shift  1
                     ASSERT_FB shift  2
                   CONDSUBPATT shift  42
                      PARSLEAF shift  61
                          expr shift  32

State 9:
          expr ::= * expr CONC expr
          expr ::= * expr ALT expr
          expr ::= expr ALT * expr
          expr ::= * expr ALT
      (3) expr ::= expr ALT *
          expr ::= * expr QUEST
          expr ::= * expr ITER
          expr ::= * expr PLUS
          expr ::= * expr LAZY_QUEST
          expr ::= * expr LAZY_ITER
          expr ::= * expr LAZY_PLUS
          expr ::= * expr QUANT
          expr ::= * expr LAZY_QUANT
          expr ::= * OPENBRACK expr CLOSEBRACK
          expr ::= * GROUPING expr CLOSEBRACK
          expr ::= * ASSERT_TF expr CLOSEBRACK
          expr ::= * ASSERT_TB expr CLOSEBRACK
          expr ::= * ASSERT_FF expr CLOSEBRACK
          expr ::= * ASSERT_FB expr CLOSEBRACK
          expr ::= * CONDSUBPATT ASSERT_TF expr CLOSEBRACK expr ALT expr CLOSEBRACK
          expr ::= * CONDSUBPATT ASSERT_TB expr CLOSEBRACK expr ALT expr CLOSEBRACK
          expr ::= CONDSUBPATT ASSERT_TB expr CLOSEBRACK expr ALT * expr CLOSEBRACK
          expr ::= * CONDSUBPATT ASSERT_FF expr CLOSEBRACK expr ALT expr CLOSEBRACK
          expr ::= * CONDSUBPATT ASSERT_FB expr CLOSEBRACK expr ALT expr CLOSEBRACK
          expr ::= * PARSLEAF

                     OPENBRACK shift  19
                      GROUPING shift  13
                     ASSERT_TF shift  4
                     ASSERT_TB shift  14
                     ASSERT_FF shift  1
                     ASSERT_FB shift  2
                   CONDSUBPATT shift  42
                      PARSLEAF shift  61
                          expr shift  36
                     {default} reduce 3

State 10:
          expr ::= * expr CONC expr
          expr ::= * expr ALT expr
          expr ::= * expr ALT
          expr ::= * expr QUEST
          expr ::= * expr ITER
          expr ::= * expr PLUS
          expr ::= * expr LAZY_QUEST
          expr ::= * expr LAZY_ITER
          expr ::= * expr LAZY_PLUS
          expr ::= * expr QUANT
          expr ::= * expr LAZY_QUANT
          expr ::= * OPENBRACK expr CLOSEBRACK
          expr ::= * GROUPING expr CLOSEBRACK
          expr ::= * ASSERT_TF expr CLOSEBRACK
          expr ::= * ASSERT_TB expr CLOSEBRACK
          expr ::= * ASSERT_FF expr CLOSEBRACK
          expr ::= * ASSERT_FB expr CLOSEBRACK
          expr ::= * CONDSUBPATT ASSERT_TF expr CLOSEBRACK expr ALT expr CLOSEBRACK
          expr ::= * CONDSUBPATT ASSERT_TB expr CLOSEBRACK expr ALT expr CLOSEBRACK
          expr ::= CONDSUBPATT ASSERT_TB * expr CLOSEBRACK expr ALT expr CLOSEBRACK
          expr ::= * CONDSUBPATT ASSERT_FF expr CLOSEBRACK expr ALT expr CLOSEBRACK
          expr ::= * CONDSUBPATT ASSERT_FB expr CLOSEBRACK expr ALT expr CLOSEBRACK
          expr ::= * PARSLEAF

                     OPENBRACK shift  19
                      GROUPING shift  13
                     ASSERT_TF shift  4
                     ASSERT_TB shift  14
                     ASSERT_FF shift  1
                     ASSERT_FB shift  2
                   CONDSUBPATT shift  42
                      PARSLEAF shift  61
                          expr shift  24

State 11:
          expr ::= * expr CONC expr
          expr ::= * expr ALT expr
          expr ::= * expr ALT
          expr ::= * expr QUEST
          expr ::= * expr ITER
          expr ::= * expr PLUS
          expr ::= * expr LAZY_QUEST
          expr ::= * expr LAZY_ITER
          expr ::= * expr LAZY_PLUS
          expr ::= * expr QUANT
          expr ::= * expr LAZY_QUANT
          expr ::= * OPENBRACK expr CLOSEBRACK
          expr ::= * GROUPING expr CLOSEBRACK
          expr ::= * ASSERT_TF expr CLOSEBRACK
          expr ::= * ASSERT_TB expr CLOSEBRACK
          expr ::= * ASSERT_FF expr CLOSEBRACK
          expr ::= * ASSERT_FB expr CLOSEBRACK
          expr ::= * CONDSUBPATT ASSERT_TF expr CLOSEBRACK expr ALT expr CLOSEBRACK
          expr ::= * CONDSUBPATT ASSERT_TB expr CLOSEBRACK expr ALT expr CLOSEBRACK
          expr ::= * CONDSUBPATT ASSERT_FF expr CLOSEBRACK expr ALT expr CLOSEBRACK
          expr ::= CONDSUBPATT ASSERT_FF * expr CLOSEBRACK expr ALT expr CLOSEBRACK
          expr ::= * CONDSUBPATT ASSERT_FB expr CLOSEBRACK expr ALT expr CLOSEBRACK
          expr ::= * PARSLEAF

                     OPENBRACK shift  19
                      GROUPING shift  13
                     ASSERT_TF shift  4
                     ASSERT_TB shift  14
                     ASSERT_FF shift  1
                     ASSERT_FB shift  2
                   CONDSUBPATT shift  42
                      PARSLEAF shift  61
                          expr shift  22

State 12:
          expr ::= * expr CONC expr
          expr ::= * expr ALT expr
          expr ::= expr ALT * expr
          expr ::= * expr ALT
      (3) expr ::= expr ALT *
          expr ::= * expr QUEST
          expr ::= * expr ITER
          expr ::= * expr PLUS
          expr ::= * expr LAZY_QUEST
          expr ::= * expr LAZY_ITER
          expr ::= * expr LAZY_PLUS
          expr ::= * expr QUANT
          expr ::= * expr LAZY_QUANT
          expr ::= * OPENBRACK expr CLOSEBRACK
          expr ::= * GROUPING expr CLOSEBRACK
          expr ::= * ASSERT_TF expr CLOSEBRACK
          expr ::= * ASSERT_TB expr CLOSEBRACK
          expr ::= * ASSERT_FF expr CLOSEBRACK
          expr ::= * ASSERT_FB expr CLOSEBRACK
          expr ::= * CONDSUBPATT ASSERT_TF expr CLOSEBRACK expr ALT expr CLOSEBRACK
          expr ::= CONDSUBPATT ASSERT_TF expr CLOSEBRACK expr ALT * expr CLOSEBRACK
          expr ::= * CONDSUBPATT ASSERT_TB expr CLOSEBRACK expr ALT expr CLOSEBRACK
          expr ::= * CONDSUBPATT ASSERT_FF expr CLOSEBRACK expr ALT expr CLOSEBRACK
          expr ::= * CONDSUBPATT ASSERT_FB expr CLOSEBRACK expr ALT expr CLOSEBRACK
          expr ::= * PARSLEAF

                     OPENBRACK shift  19
                      GROUPING shift  13
                     ASSERT_TF shift  4
                     ASSERT_TB shift  14
                     ASSERT_FF shift  1
                     ASSERT_FB shift  2
                   CONDSUBPATT shift  42
                      PARSLEAF shift  61
                          expr shift  31
                     {default} reduce 3

State 13:
          expr ::= * expr CONC expr
          expr ::= * expr ALT expr
          expr ::= * expr ALT
          expr ::= * expr QUEST
          expr ::= * expr ITER
          expr ::= * expr PLUS
          expr ::= * expr LAZY_QUEST
          expr ::= * expr LAZY_ITER
          expr ::= * expr LAZY_PLUS
          expr ::= * expr QUANT
          expr ::= * expr LAZY_QUANT
          expr ::= * OPENBRACK expr CLOSEBRACK
          expr ::= * GROUPING expr CLOSEBRACK
          expr ::= GROUPING * expr CLOSEBRACK
          expr ::= * ASSERT_TF expr CLOSEBRACK
          expr ::= * ASSERT_TB expr CLOSEBRACK
          expr ::= * ASSERT_FF expr CLOSEBRACK
          expr ::= * ASSERT_FB expr CLOSEBRACK
          expr ::= * CONDSUBPATT ASSERT_TF expr CLOSEBRACK expr ALT expr CLOSEBRACK
          expr ::= * CONDSUBPATT ASSERT_TB expr CLOSEBRACK expr ALT expr CLOSEBRACK
          expr ::= * CONDSUBPATT ASSERT_FF expr CLOSEBRACK expr ALT expr CLOSEBRACK
          expr ::= * CONDSUBPATT ASSERT_FB expr CLOSEBRACK expr ALT expr CLOSEBRACK
          expr ::= * PARSLEAF

                     OPENBRACK shift  19
                      GROUPING shift  13
                     ASSERT_TF shift  4
                     ASSERT_TB shift  14
                     ASSERT_FF shift  1
                     ASSERT_FB shift  2
                   CONDSUBPATT shift  42
                      PARSLEAF shift  61
                          expr shift  27

State 14:
          expr ::= * expr CONC expr
          expr ::= * expr ALT expr
          expr ::= * expr ALT
          expr ::= * expr QUEST
          expr ::= * expr ITER
          expr ::= * expr PLUS
          expr ::= * expr LAZY_QUEST
          expr ::= * expr LAZY_ITER
          expr ::= * expr LAZY_PLUS
          expr ::= * expr QUANT
          expr ::= * expr LAZY_QUANT
          expr ::= * OPENBRACK expr CLOSEBRACK
          expr ::= * GROUPING expr CLOSEBRACK
          expr ::= * ASSERT_TF expr CLOSEBRACK
          expr ::= * ASSERT_TB expr CLOSEBRACK
          expr ::= ASSERT_TB * expr CLOSEBRACK
          expr ::= * ASSERT_FF expr CLOSEBRACK
          expr ::= * ASSERT_FB expr CLOSEBRACK
          expr ::= * CONDSUBPATT ASSERT_TF expr CLOSEBRACK expr ALT expr CLOSEBRACK
          expr ::= * CONDSUBPATT ASSERT_TB expr CLOSEBRACK expr ALT expr CLOSEBRACK
          expr ::= * CONDSUBPATT ASSERT_FF expr CLOSEBRACK expr ALT expr CLOSEBRACK
          expr ::= * CONDSUBPATT ASSERT_FB expr CLOSEBRACK expr ALT expr CLOSEBRACK
          expr ::= * PARSLEAF

                     OPENBRACK shift  19
                      GROUPING shift  13
                     ASSERT_TF shift  4
                     ASSERT_TB shift  14
                     ASSERT_FF shift  1
                     ASSERT_FB shift  2
                   CONDSUBPATT shift  42
                      PARSLEAF shift  61
                          expr shift  30

State 15:
          expr ::= * expr CONC expr
          expr ::= * expr ALT expr
          expr ::= * expr ALT
          expr ::= * expr QUEST
          expr ::= * expr ITER
          expr ::= * expr PLUS
          expr ::= * expr LAZY_QUEST
          expr ::= * expr LAZY_ITER
          expr ::= * expr LAZY_PLUS
          expr ::= * expr QUANT
          expr ::= * expr LAZY_QUANT
          expr ::= * OPENBRACK expr CLOSEBRACK
          expr ::= * GROUPING expr CLOSEBRACK
          expr ::= * ASSERT_TF expr CLOSEBRACK
          expr ::= * ASSERT_TB expr CLOSEBRACK
          expr ::= * ASSERT_FF expr CLOSEBRACK
          expr ::= * ASSERT_FB expr CLOSEBRACK
          expr ::= * CONDSUBPATT ASSERT_TF expr CLOSEBRACK expr ALT expr CLOSEBRACK
          expr ::= * CONDSUBPATT ASSERT_TB expr CLOSEBRACK expr ALT expr CLOSEBRACK
          expr ::= * CONDSUBPATT ASSERT_FF expr CLOSEBRACK expr ALT expr CLOSEBRACK
          expr ::= * CONDSUBPATT ASSERT_FB expr CLOSEBRACK expr ALT expr CLOSEBRACK
          expr ::= CONDSUBPATT ASSERT_FB expr CLOSEBRACK * expr ALT expr CLOSEBRACK
          expr ::= * PARSLEAF

                     OPENBRACK shift  19
                      GROUPING shift  13
                     ASSERT_TF shift  4
                     ASSERT_TB shift  14
                     ASSERT_FF shift  1
                     ASSERT_FB shift  2
                   CONDSUBPATT shift  42
                      PARSLEAF shift  61
                          expr shift  38

State 16:
          expr ::= * expr CONC expr
          expr ::= * expr ALT expr
          expr ::= expr ALT * expr
          expr ::= * expr ALT
      (3) expr ::= expr ALT *
          expr ::= * expr QUEST
          expr ::= * expr ITER
          expr ::= * expr PLUS
          expr ::= * expr LAZY_QUEST
          expr ::= * expr LAZY_ITER
          expr ::= * expr LAZY_PLUS
          expr ::= * expr QUANT
          expr ::= * expr LAZY_QUANT
          expr ::= * OPENBRACK expr CLOSEBRACK
          expr ::= * GROUPING expr CLOSEBRACK
          expr ::= * ASSERT_TF expr CLOSEBRACK
          expr ::= * ASSERT_TB expr CLOSEBRACK
          expr ::= * ASSERT_FF expr CLOSEBRACK
          expr ::= * ASSERT_FB expr CLOSEBRACK
          expr ::= * CONDSUBPATT ASSERT_TF expr CLOSEBRACK expr ALT expr CLOSEBRACK
          expr ::= * CONDSUBPATT ASSERT_TB expr CLOSEBRACK expr ALT expr CLOSEBRACK
          expr ::= * CONDSUBPATT ASSERT_FF expr CLOSEBRACK expr ALT expr CLOSEBRACK
          expr ::= * CONDSUBPATT ASSERT_FB expr CLOSEBRACK expr ALT expr CLOSEBRACK
          expr ::= CONDSUBPATT ASSERT_FB expr CLOSEBRACK expr ALT * expr CLOSEBRACK
          expr ::= * PARSLEAF

                     OPENBRACK shift  19
                      GROUPING shift  13
                     ASSERT_TF shift  4
                     ASSERT_TB shift  14
                     ASSERT_FF shift  1
                     ASSERT_FB shift  2
                   CONDSUBPATT shift  42
                      PARSLEAF shift  61
                          expr shift  34
                     {default} reduce 3

State 17:
          expr ::= * expr CONC expr
          expr ::= * expr ALT expr
          expr ::= expr ALT * expr
          expr ::= * expr ALT
      (3) expr ::= expr ALT *
          expr ::= * expr QUEST
          expr ::= * expr ITER
          expr ::= * expr PLUS
          expr ::= * expr LAZY_QUEST
          expr ::= * expr LAZY_ITER
          expr ::= * expr LAZY_PLUS
          expr ::= * expr QUANT
          expr ::= * expr LAZY_QUANT
          expr ::= * OPENBRACK expr CLOSEBRACK
          expr ::= * GROUPING expr CLOSEBRACK
          expr ::= * ASSERT_TF expr CLOSEBRACK
          expr ::= * ASSERT_TB expr CLOSEBRACK
          expr ::= * ASSERT_FF expr CLOSEBRACK
          expr ::= * ASSERT_FB expr CLOSEBRACK
          expr ::= * CONDSUBPATT ASSERT_TF expr CLOSEBRACK expr ALT expr CLOSEBRACK
          expr ::= * CONDSUBPATT ASSERT_TB expr CLOSEBRACK expr ALT expr CLOSEBRACK
          expr ::= * CONDSUBPATT ASSERT_FF expr CLOSEBRACK expr ALT expr CLOSEBRACK
          expr ::= * CONDSUBPATT ASSERT_FB expr CLOSEBRACK expr ALT expr CLOSEBRACK
          expr ::= * PARSLEAF

                     OPENBRACK shift  19
                      GROUPING shift  13
                     ASSERT_TF shift  4
                     ASSERT_TB shift  14
                     ASSERT_FF shift  1
                     ASSERT_FB shift  2
                   CONDSUBPATT shift  42
                      PARSLEAF shift  61
                          expr shift  40
                     {default} reduce 3

State 18:
          expr ::= * expr CONC expr
          expr ::= * expr ALT expr
          expr ::= * expr ALT
          expr ::= * expr QUEST
          expr ::= * expr ITER
          expr ::= * expr PLUS
          expr ::= * expr LAZY_QUEST
          expr ::= * expr LAZY_ITER
          expr ::= * expr LAZY_PLUS
          expr ::= * expr QUANT
          expr ::= * expr LAZY_QUANT
          expr ::= * OPENBRACK expr CLOSEBRACK
          expr ::= * GROUPING expr CLOSEBRACK
          expr ::= * ASSERT_TF expr CLOSEBRACK
          expr ::= * ASSERT_TB expr CLOSEBRACK
          expr ::= * ASSERT_FF expr CLOSEBRACK
          expr ::= * ASSERT_FB expr CLOSEBRACK
          expr ::= * CONDSUBPATT ASSERT_TF expr CLOSEBRACK expr ALT expr CLOSEBRACK
          expr ::= * CONDSUBPATT ASSERT_TB expr CLOSEBRACK expr ALT expr CLOSEBRACK
          expr ::= * CONDSUBPATT ASSERT_FF expr CLOSEBRACK expr ALT expr CLOSEBRACK
          expr ::= * CONDSUBPATT ASSERT_FB expr CLOSEBRACK expr ALT expr CLOSEBRACK
          expr ::= CONDSUBPATT ASSERT_FB * expr CLOSEBRACK expr ALT expr CLOSEBRACK
          expr ::= * PARSLEAF

                     OPENBRACK shift  19
                      GROUPING shift  13
                     ASSERT_TF shift  4
                     ASSERT_TB shift  14
                     ASSERT_FF shift  1
                     ASSERT_FB shift  2
                   CONDSUBPATT shift  42
                      PARSLEAF shift  61
                          expr shift  28

State 19:
          expr ::= * expr CONC expr
          expr ::= * expr ALT expr
          expr ::= * expr ALT
          expr ::= * expr QUEST
          expr ::= * expr ITER
          expr ::= * expr PLUS
          expr ::= * expr LAZY_QUEST
          expr ::= * expr LAZY_ITER
          expr ::= * expr LAZY_PLUS
          expr ::= * expr QUANT
          expr ::= * expr LAZY_QUANT
          expr ::= * OPENBRACK expr CLOSEBRACK
          expr ::= OPENBRACK * expr CLOSEBRACK
          expr ::= * GROUPING expr CLOSEBRACK
          expr ::= * ASSERT_TF expr CLOSEBRACK
          expr ::= * ASSERT_TB expr CLOSEBRACK
          expr ::= * ASSERT_FF expr CLOSEBRACK
          expr ::= * ASSERT_FB expr CLOSEBRACK
          expr ::= * CONDSUBPATT ASSERT_TF expr CLOSEBRACK expr ALT expr CLOSEBRACK
          expr ::= * CONDSUBPATT ASSERT_TB expr CLOSEBRACK expr ALT expr CLOSEBRACK
          expr ::= * CONDSUBPATT ASSERT_FF expr CLOSEBRACK expr ALT expr CLOSEBRACK
          expr ::= * CONDSUBPATT ASSERT_FB expr CLOSEBRACK expr ALT expr CLOSEBRACK
          expr ::= * PARSLEAF

                     OPENBRACK shift  19
                      GROUPING shift  13
                     ASSERT_TF shift  4
                     ASSERT_TB shift  14
                     ASSERT_FF shift  1
                     ASSERT_FB shift  2
                   CONDSUBPATT shift  42
                      PARSLEAF shift  61
                          expr shift  23

State 20:
          expr ::= * expr CONC expr
          expr ::= expr CONC * expr
          expr ::= * expr ALT expr
          expr ::= * expr ALT
          expr ::= * expr QUEST
          expr ::= * expr ITER
          expr ::= * expr PLUS
          expr ::= * expr LAZY_QUEST
          expr ::= * expr LAZY_ITER
          expr ::= * expr LAZY_PLUS
          expr ::= * expr QUANT
          expr ::= * expr LAZY_QUANT
          expr ::= * OPENBRACK expr CLOSEBRACK
          expr ::= * GROUPING expr CLOSEBRACK
          expr ::= * ASSERT_TF expr CLOSEBRACK
          expr ::= * ASSERT_TB expr CLOSEBRACK
          expr ::= * ASSERT_FF expr CLOSEBRACK
          expr ::= * ASSERT_FB expr CLOSEBRACK
          expr ::= * CONDSUBPATT ASSERT_TF expr CLOSEBRACK expr ALT expr CLOSEBRACK
          expr ::= * CONDSUBPATT ASSERT_TB expr CLOSEBRACK expr ALT expr CLOSEBRACK
          expr ::= * CONDSUBPATT ASSERT_FF expr CLOSEBRACK expr ALT expr CLOSEBRACK
          expr ::= * CONDSUBPATT ASSERT_FB expr CLOSEBRACK expr ALT expr CLOSEBRACK
          expr ::= * PARSLEAF

                     OPENBRACK shift  19
                      GROUPING shift  13
                     ASSERT_TF shift  4
                     ASSERT_TB shift  14
                     ASSERT_FF shift  1
                     ASSERT_FB shift  2
                   CONDSUBPATT shift  42
                      PARSLEAF shift  61
                          expr shift  41

State 21:
          expr ::= expr * CONC expr
          expr ::= expr * ALT expr
          expr ::= expr * ALT
          expr ::= expr * QUEST
          expr ::= expr * ITER
          expr ::= expr * PLUS
          expr ::= expr * LAZY_QUEST
          expr ::= expr * LAZY_ITER
          expr ::= expr * LAZY_PLUS
          expr ::= expr * QUANT
          expr ::= expr * LAZY_QUANT
          expr ::= ASSERT_FF expr * CLOSEBRACK

                           ALT shift  17
                          CONC shift  20
                         QUEST shift  51
                          PLUS shift  50
                          ITER shift  52
                         QUANT shift  53
                     LAZY_ITER shift  47
                    LAZY_QUEST shift  49
                     LAZY_PLUS shift  48
                    LAZY_QUANT shift  54
                    CLOSEBRACK shift  55

State 22:
          expr ::= expr * CONC expr
          expr ::= expr * ALT expr
          expr ::= expr * ALT
          expr ::= expr * QUEST
          expr ::= expr * ITER
          expr ::= expr * PLUS
          expr ::= expr * LAZY_QUEST
          expr ::= expr * LAZY_ITER
          expr ::= expr * LAZY_PLUS
          expr ::= expr * QUANT
          expr ::= expr * LAZY_QUANT
          expr ::= CONDSUBPATT ASSERT_FF expr * CLOSEBRACK expr ALT expr CLOSEBRACK

                           ALT shift  17
                          CONC shift  20
                         QUEST shift  51
                          PLUS shift  50
                          ITER shift  52
                         QUANT shift  53
                     LAZY_ITER shift  47
                    LAZY_QUEST shift  49
                     LAZY_PLUS shift  48
                    LAZY_QUANT shift  54
                    CLOSEBRACK shift  3

State 23:
          expr ::= expr * CONC expr
          expr ::= expr * ALT expr
          expr ::= expr * ALT
          expr ::= expr * QUEST
          expr ::= expr * ITER
          expr ::= expr * PLUS
          expr ::= expr * LAZY_QUEST
          expr ::= expr * LAZY_ITER
          expr ::= expr * LAZY_PLUS
          expr ::= expr * QUANT
          expr ::= expr * LAZY_QUANT
          expr ::= OPENBRACK expr * CLOSEBRACK

                           ALT shift  17
                          CONC shift  20
                         QUEST shift  51
                          PLUS shift  50
                          ITER shift  52
                         QUANT shift  53
                     LAZY_ITER shift  47
                    LAZY_QUEST shift  49
                     LAZY_PLUS shift  48
                    LAZY_QUANT shift  54
                    CLOSEBRACK shift  59

State 24:
          expr ::= expr * CONC expr
          expr ::= expr * ALT expr
          expr ::= expr * ALT
          expr ::= expr * QUEST
          expr ::= expr * ITER
          expr ::= expr * PLUS
          expr ::= expr * LAZY_QUEST
          expr ::= expr * LAZY_ITER
          expr ::= expr * LAZY_PLUS
          expr ::= expr * QUANT
          expr ::= expr * LAZY_QUANT
          expr ::= CONDSUBPATT ASSERT_TB expr * CLOSEBRACK expr ALT expr CLOSEBRACK

                           ALT shift  17
                          CONC shift  20
                         QUEST shift  51
                          PLUS shift  50
                          ITER shift  52
                         QUANT shift  53
                     LAZY_ITER shift  47
                    LAZY_QUEST shift  49
                     LAZY_PLUS shift  48
                    LAZY_QUANT shift  54
                    CLOSEBRACK shift  8

State 25:
          expr ::= expr * CONC expr
          expr ::= expr * ALT expr
          expr ::= expr * ALT
          expr ::= expr * QUEST
          expr ::= expr * ITER
          expr ::= expr * PLUS
          expr ::= expr * LAZY_QUEST
          expr ::= expr * LAZY_ITER
          expr ::= expr * LAZY_PLUS
          expr ::= expr * QUANT
          expr ::= expr * LAZY_QUANT
          expr ::= CONDSUBPATT ASSERT_TF expr * CLOSEBRACK expr ALT expr CLOSEBRACK

                           ALT shift  17
                          CONC shift  20
                         QUEST shift  51
                          PLUS shift  50
                          ITER shift  52
                         QUANT shift  53
                     LAZY_ITER shift  47
                    LAZY_QUEST shift  49
                     LAZY_PLUS shift  48
                    LAZY_QUANT shift  54
                    CLOSEBRACK shift  7

State 26:
          expr ::= expr * CONC expr
          expr ::= expr * ALT expr
          expr ::= expr * ALT
          expr ::= expr * QUEST
          expr ::= expr * ITER
          expr ::= expr * PLUS
          expr ::= expr * LAZY_QUEST
          expr ::= expr * LAZY_ITER
          expr ::= expr * LAZY_PLUS
          expr ::= expr * QUANT
          expr ::= expr * LAZY_QUANT
          expr ::= ASSERT_FB expr * CLOSEBRACK

                           ALT shift  17
                          CONC shift  20
                         QUEST shift  51
                          PLUS shift  50
                          ITER shift  52
                         QUANT shift  53
                     LAZY_ITER shift  47
                    LAZY_QUEST shift  49
                     LAZY_PLUS shift  48
                    LAZY_QUANT shift  54
                    CLOSEBRACK shift  46

State 27:
          expr ::= expr * CONC expr
          expr ::= expr * ALT expr
          expr ::= expr * ALT
          expr ::= expr * QUEST
          expr ::= expr * ITER
          expr ::= expr * PLUS
          expr ::= expr * LAZY_QUEST
          expr ::= expr * LAZY_ITER
          expr ::= expr * LAZY_PLUS
          expr ::= expr * QUANT
          expr ::= expr * LAZY_QUANT
          expr ::= GROUPING expr * CLOSEBRACK

                           ALT shift  17
                          CONC shift  20
                         QUEST shift  51
                          PLUS shift  50
                          ITER shift  52
                         QUANT shift  53
                     LAZY_ITER shift  47
                    LAZY_QUEST shift  49
                     LAZY_PLUS shift  48
                    LAZY_QUANT shift  54
                    CLOSEBRACK shift  60

State 28:
          expr ::= expr * CONC expr
          expr ::= expr * ALT expr
          expr ::= expr * ALT
          expr ::= expr * QUEST
          expr ::= expr * ITER
          expr ::= expr * PLUS
          expr ::= expr * LAZY_QUEST
          expr ::= expr * LAZY_ITER
          expr ::= expr * LAZY_PLUS
          expr ::= expr * QUANT
          expr ::= expr * LAZY_QUANT
          expr ::= CONDSUBPATT ASSERT_FB expr * CLOSEBRACK expr ALT expr CLOSEBRACK

                           ALT shift  17
                          CONC shift  20
                         QUEST shift  51
                          PLUS shift  50
                          ITER shift  52
                         QUANT shift  53
                     LAZY_ITER shift  47
                    LAZY_QUEST shift  49
                     LAZY_PLUS shift  48
                    LAZY_QUANT shift  54
                    CLOSEBRACK shift  15

State 29:
          expr ::= expr * CONC expr
          expr ::= expr * ALT expr
          expr ::= expr * ALT
          expr ::= expr * QUEST
          expr ::= expr * ITER
          expr ::= expr * PLUS
          expr ::= expr * LAZY_QUEST
          expr ::= expr * LAZY_ITER
          expr ::= expr * LAZY_PLUS
          expr ::= expr * QUANT
          expr ::= expr * LAZY_QUANT
          expr ::= ASSERT_TF expr * CLOSEBRACK

                           ALT shift  17
                          CONC shift  20
                         QUEST shift  51
                          PLUS shift  50
                          ITER shift  52
                         QUANT shift  53
                     LAZY_ITER shift  47
                    LAZY_QUEST shift  49
                     LAZY_PLUS shift  48
                    LAZY_QUANT shift  54
                    CLOSEBRACK shift  58

State 30:
          expr ::= expr * CONC expr
          expr ::= expr * ALT expr
          expr ::= expr * ALT
          expr ::= expr * QUEST
          expr ::= expr * ITER
          expr ::= expr * PLUS
          expr ::= expr * LAZY_QUEST
          expr ::= expr * LAZY_ITER
          expr ::= expr * LAZY_PLUS
          expr ::= expr * QUANT
          expr ::= expr * LAZY_QUANT
          expr ::= ASSERT_TB expr * CLOSEBRACK

                           ALT shift  17
                          CONC shift  20
                         QUEST shift  51
                          PLUS shift  50
                          ITER shift  52
                         QUANT shift  53
                     LAZY_ITER shift  47
                    LAZY_QUEST shift  49
                     LAZY_PLUS shift  48
                    LAZY_QUANT shift  54
                    CLOSEBRACK shift  57

State 31:
          expr ::= expr * CONC expr
          expr ::= expr * ALT expr
      (2) expr ::= expr ALT expr *
          expr ::= expr * ALT
          expr ::= expr * QUEST
          expr ::= expr * ITER
          expr ::= expr * PLUS
          expr ::= expr * LAZY_QUEST
          expr ::= expr * LAZY_ITER
          expr ::= expr * LAZY_PLUS
          expr ::= expr * QUANT
          expr ::= expr * LAZY_QUANT
          expr ::= CONDSUBPATT ASSERT_TF expr CLOSEBRACK expr ALT expr * CLOSEBRACK

                          CONC shift  20
                         QUEST shift  51
                          PLUS shift  50
                          ITER shift  52
                         QUANT shift  53
                     LAZY_ITER shift  47
                    LAZY_QUEST shift  49
                     LAZY_PLUS shift  48
                    LAZY_QUANT shift  54
                    CLOSEBRACK shift  56
                     {default} reduce 2

State 32:
          expr ::= expr * CONC expr
          expr ::= expr * ALT expr
          expr ::= expr * ALT
          expr ::= expr * QUEST
          expr ::= expr * ITER
          expr ::= expr * PLUS
          expr ::= expr * LAZY_QUEST
          expr ::= expr * LAZY_ITER
          expr ::= expr * LAZY_PLUS
          expr ::= expr * QUANT
          expr ::= expr * LAZY_QUANT
          expr ::= CONDSUBPATT ASSERT_TB expr CLOSEBRACK expr * ALT expr CLOSEBRACK

                           ALT shift  9
                          CONC shift  20
                         QUEST shift  51
                          PLUS shift  50
                          ITER shift  52
                         QUANT shift  53
                     LAZY_ITER shift  47
                    LAZY_QUEST shift  49
                     LAZY_PLUS shift  48
                    LAZY_QUANT shift  54

State 33:
          expr ::= expr * CONC expr
          expr ::= expr * ALT expr
      (2) expr ::= expr ALT expr *
          expr ::= expr * ALT
          expr ::= expr * QUEST
          expr ::= expr * ITER
          expr ::= expr * PLUS
          expr ::= expr * LAZY_QUEST
          expr ::= expr * LAZY_ITER
          expr ::= expr * LAZY_PLUS
          expr ::= expr * QUANT
          expr ::= expr * LAZY_QUANT
          expr ::= CONDSUBPATT ASSERT_FF expr CLOSEBRACK expr ALT expr * CLOSEBRACK

                          CONC shift  20
                         QUEST shift  51
                          PLUS shift  50
                          ITER shift  52
                         QUANT shift  53
                     LAZY_ITER shift  47
                    LAZY_QUEST shift  49
                     LAZY_PLUS shift  48
                    LAZY_QUANT shift  54
                    CLOSEBRACK shift  45
                     {default} reduce 2

State 34:
          expr ::= expr * CONC expr
          expr ::= expr * ALT expr
      (2) expr ::= expr ALT expr *
          expr ::= expr * ALT
          expr ::= expr * QUEST
          expr ::= expr * ITER
          expr ::= expr * PLUS
          expr ::= expr * LAZY_QUEST
          expr ::= expr * LAZY_ITER
          expr ::= expr * LAZY_PLUS
          expr ::= expr * QUANT
          expr ::= expr * LAZY_QUANT
          expr ::= CONDSUBPATT ASSERT_FB expr CLOSEBRACK expr ALT expr * CLOSEBRACK

                          CONC shift  20
                         QUEST shift  51
                          PLUS shift  50
                          ITER shift  52
                         QUANT shift  53
                     LAZY_ITER shift  47
                    LAZY_QUEST shift  49
                     LAZY_PLUS shift  48
                    LAZY_QUANT shift  54
                    CLOSEBRACK shift  44
                     {default} reduce 2

State 35:
          expr ::= expr * CONC expr
          expr ::= expr * ALT expr
          expr ::= expr * ALT
          expr ::= expr * QUEST
          expr ::= expr * ITER
          expr ::= expr * PLUS
          expr ::= expr * LAZY_QUEST
          expr ::= expr * LAZY_ITER
          expr ::= expr * LAZY_PLUS
          expr ::= expr * QUANT
          expr ::= expr * LAZY_QUANT
          expr ::= CONDSUBPATT ASSERT_TF expr CLOSEBRACK expr * ALT expr CLOSEBRACK

                           ALT shift  12
                          CONC shift  20
                         QUEST shift  51
                          PLUS shift  50
                          ITER shift  52
                         QUANT shift  53
                     LAZY_ITER shift  47
                    LAZY_QUEST shift  49
                     LAZY_PLUS shift  48
                    LAZY_QUANT shift  54

State 36:
          expr ::= expr * CONC expr
          expr ::= expr * ALT expr
      (2) expr ::= expr ALT expr *
          expr ::= expr * ALT
          expr ::= expr * QUEST
          expr ::= expr * ITER
          expr ::= expr * PLUS
          expr ::= expr * LAZY_QUEST
          expr ::= expr * LAZY_ITER
          expr ::= expr * LAZY_PLUS
          expr ::= expr * QUANT
          expr ::= expr * LAZY_QUANT
          expr ::= CONDSUBPATT ASSERT_TB expr CLOSEBRACK expr ALT expr * CLOSEBRACK

                          CONC shift  20
                         QUEST shift  51
                          PLUS shift  50
                          ITER shift  52
                         QUANT shift  53
                     LAZY_ITER shift  47
                    LAZY_QUEST shift  49
                     LAZY_PLUS shift  48
                    LAZY_QUANT shift  54
                    CLOSEBRACK shift  43
                     {default} reduce 2

State 37:
      (0) start ::= expr *
          expr ::= expr * CONC expr
          expr ::= expr * ALT expr
          expr ::= expr * ALT
          expr ::= expr * QUEST
          expr ::= expr * ITER
          expr ::= expr * PLUS
          expr ::= expr * LAZY_QUEST
          expr ::= expr * LAZY_ITER
          expr ::= expr * LAZY_PLUS
          expr ::= expr * QUANT
          expr ::= expr * LAZY_QUANT

                           ALT shift  17
                          CONC shift  20
                         QUEST shift  51
                          PLUS shift  50
                          ITER shift  52
                         QUANT shift  53
                     LAZY_ITER shift  47
                    LAZY_QUEST shift  49
                     LAZY_PLUS shift  48
                    LAZY_QUANT shift  54
                     {default} reduce 0

State 38:
          expr ::= expr * CONC expr
          expr ::= expr * ALT expr
          expr ::= expr * ALT
          expr ::= expr * QUEST
          expr ::= expr * ITER
          expr ::= expr * PLUS
          expr ::= expr * LAZY_QUEST
          expr ::= expr * LAZY_ITER
          expr ::= expr * LAZY_PLUS
          expr ::= expr * QUANT
          expr ::= expr * LAZY_QUANT
          expr ::= CONDSUBPATT ASSERT_FB expr CLOSEBRACK expr * ALT expr CLOSEBRACK

                           ALT shift  16
                          CONC shift  20
                         QUEST shift  51
                          PLUS shift  50
                          ITER shift  52
                         QUANT shift  53
                     LAZY_ITER shift  47
                    LAZY_QUEST shift  49
                     LAZY_PLUS shift  48
                    LAZY_QUANT shift  54

State 39:
          expr ::= expr * CONC expr
          expr ::= expr * ALT expr
          expr ::= expr * ALT
          expr ::= expr * QUEST
          expr ::= expr * ITER
          expr ::= expr * PLUS
          expr ::= expr * LAZY_QUEST
          expr ::= expr * LAZY_ITER
          expr ::= expr * LAZY_PLUS
          expr ::= expr * QUANT
          expr ::= expr * LAZY_QUANT
          expr ::= CONDSUBPATT ASSERT_FF expr CLOSEBRACK expr * ALT expr CLOSEBRACK

                           ALT shift  5
                          CONC shift  20
                         QUEST shift  51
                          PLUS shift  50
                          ITER shift  52
                         QUANT shift  53
                     LAZY_ITER shift  47
                    LAZY_QUEST shift  49
                     LAZY_PLUS shift  48
                    LAZY_QUANT shift  54

State 40:
          expr ::= expr * CONC expr
          expr ::= expr * ALT expr
      (2) expr ::= expr ALT expr *
          expr ::= expr * ALT
          expr ::= expr * QUEST
          expr ::= expr * ITER
          expr ::= expr * PLUS
          expr ::= expr * LAZY_QUEST
          expr ::= expr * LAZY_ITER
          expr ::= expr * LAZY_PLUS
          expr ::= expr * QUANT
          expr ::= expr * LAZY_QUANT

                          CONC shift  20
                         QUEST shift  51
                          PLUS shift  50
                          ITER shift  52
                         QUANT shift  53
                     LAZY_ITER shift  47
                    LAZY_QUEST shift  49
                     LAZY_PLUS shift  48
                    LAZY_QUANT shift  54
                     {default} reduce 2

State 41:
          expr ::= expr * CONC expr
      (1) expr ::= expr CONC expr *
          expr ::= expr * ALT expr
          expr ::= expr * ALT
          expr ::= expr * QUEST
          expr ::= expr * ITER
          expr ::= expr * PLUS
          expr ::= expr * LAZY_QUEST
          expr ::= expr * LAZY_ITER
          expr ::= expr * LAZY_PLUS
          expr ::= expr * QUANT
          expr ::= expr * LAZY_QUANT

                         QUEST shift  51
                          PLUS shift  50
                          ITER shift  52
                         QUANT shift  53
                     LAZY_ITER shift  47
                    LAZY_QUEST shift  49
                     LAZY_PLUS shift  48
                    LAZY_QUANT shift  54
                     {default} reduce 1

State 42:
          expr ::= CONDSUBPATT * ASSERT_TF expr CLOSEBRACK expr ALT expr CLOSEBRACK
          expr ::= CONDSUBPATT * ASSERT_TB expr CLOSEBRACK expr ALT expr CLOSEBRACK
          expr ::= CONDSUBPATT * ASSERT_FF expr CLOSEBRACK expr ALT expr CLOSEBRACK
          expr ::= CONDSUBPATT * ASSERT_FB expr CLOSEBRACK expr ALT expr CLOSEBRACK

                     ASSERT_TF shift  6
                     ASSERT_TB shift  10
                     ASSERT_FF shift  11
                     ASSERT_FB shift  18

State 43:
     (19) expr ::= CONDSUBPATT ASSERT_TB expr CLOSEBRACK expr ALT expr CLOSEBRACK *

                     {default} reduce 19

State 44:
     (21) expr ::= CONDSUBPATT ASSERT_FB expr CLOSEBRACK expr ALT expr CLOSEBRACK *

                     {default} reduce 21

State 45:
     (20) expr ::= CONDSUBPATT ASSERT_FF expr CLOSEBRACK expr ALT expr CLOSEBRACK *

                     {default} reduce 20

State 46:
     (17) expr ::= ASSERT_FB expr CLOSEBRACK *

                     {default} reduce 17

State 47:
      (8) expr ::= expr LAZY_ITER *

                     {default} reduce 8

State 48:
      (9) expr ::= expr LAZY_PLUS *

                     {default} reduce 9

State 49:
      (7) expr ::= expr LAZY_QUEST *

                     {default} reduce 7

State 50:
      (6) expr ::= expr PLUS *

                     {default} reduce 6

State 51:
      (4) expr ::= expr QUEST *

                     {default} reduce 4

State 52:
      (5) expr ::= expr ITER *

                     {default} reduce 5

State 53:
     (10) expr ::= expr QUANT *

                     {default} reduce 10

State 54:
     (11) expr ::= expr LAZY_QUANT *

                     {default} reduce 11

State 55:
     (16) expr ::= ASSERT_FF expr CLOSEBRACK *

                     {default} reduce 16

State 56:
     (18) expr ::= CONDSUBPATT ASSERT_TF expr CLOSEBRACK expr ALT expr CLOSEBRACK *

                     {default} reduce 18

State 57:
     (15) expr ::= ASSERT_TB expr CLOSEBRACK *

                     {default} reduce 15

State 58:
     (14) expr ::= ASSERT_TF expr CLOSEBRACK *

                     {default} reduce 14

State 59:
     (12) expr ::= OPENBRACK expr CLOSEBRACK *

                     {default} reduce 12

State 60:
     (13) expr ::= GROUPING expr CLOSEBRACK *

                     {default} reduce 13

State 61:
     (22) expr ::= PARSLEAF *

                     {default} reduce 22

